<?xml version="1.0" encoding="utf-8"?><testsuites name="pytest tests"><testsuite name="pytest" errors="0" failures="0" skipped="0" tests="33" time="0.846" timestamp="2025-09-20T23:11:07.351715+00:00" hostname="naten"><testcase classname="tests.test_file_operations_sync" name="test_get_tools_returns_all_operations" time="0.003" /><testcase classname="tests.test_file_operations_sync" name="test_tools_have_valid_schemas" time="0.002" /><testcase classname="tests.test_file_operations_sync" name="test_conditional_tools_based_on_config" time="0.002" /><testcase classname="tests.test_file_operations_async" name="test_read_file_success" time="0.004" /><testcase classname="tests.test_file_operations_async" name="test_read_file_not_found" time="0.002" /><testcase classname="tests.test_file_operations_async" name="test_read_file_directory_not_file" time="0.002" /><testcase classname="tests.test_file_operations_async" name="test_read_file_encoding" time="0.002" /><testcase classname="tests.test_file_operations_async" name="test_write_file_success" time="0.002" /><testcase classname="tests.test_file_operations_async" name="test_write_file_create_directories" time="0.002" /><testcase classname="tests.test_file_operations_async" name="test_append_to_file_success" time="0.003" /><testcase classname="tests.test_file_operations_async" name="test_append_to_nonexistent_file" time="0.002" /><testcase classname="tests.test_file_operations_async" name="test_delete_file_success" time="0.002" /><testcase classname="tests.test_file_operations_async" name="test_delete_file_requires_confirmation" time="0.002" /><testcase classname="tests.test_file_operations_async" name="test_get_file_info" time="0.005" /><testcase classname="tests.test_file_operations_async" name="test_check_file_exists_true" time="0.002" /><testcase classname="tests.test_file_operations_async" name="test_check_file_exists_false" time="0.002" /><testcase classname="tests.test_file_operations_async" name="test_copy_file_success" time="0.003" /><testcase classname="tests.test_file_operations_async" name="test_copy_file_overwrite_protection" time="0.003" /><testcase classname="tests.test_file_operations_async" name="test_copy_file_with_overwrite" time="0.010" /><testcase classname="tests.test_file_operations_async" name="test_move_file_success" time="0.003" /><testcase classname="tests.test_file_operations_async" name="test_compress_file_success" time="0.006" /><testcase classname="tests.test_file_operations_async" name="test_compress_file_nonexistent_source" time="0.002" /><testcase classname="tests.test_file_operations_async" name="test_extract_file_success" time="0.003" /><testcase classname="tests.test_file_operations_async" name="test_extract_file_security_check" time="0.002" /><testcase classname="tests.test_file_operations_async" name="test_file_lock_list_empty" time="0.002" /><testcase classname="tests.test_file_operations_async" name="test_file_lock_status_unlocked" time="0.002" /><testcase classname="tests.test_file_operations_async" name="test_file_locking_context_manager" time="0.103" /><testcase classname="tests.test_file_operations_async" name="test_file_lock_timeout" time="0.003" /><testcase classname="tests.test_file_operations_async" name="test_file_lock_concurrent_operations" time="0.004" /><testcase classname="tests.test_file_operations_async" name="test_invalid_directory" time="0.002" /><testcase classname="tests.test_file_operations_async" name="test_path_traversal_prevention" time="0.002" /><testcase classname="tests.test_file_operations_async" name="test_file_size_limit" time="0.003" /><testcase classname="tests.test_file_operations_async" name="test_binary_file_handling" time="0.002" /></testsuite></testsuites>